2025-09-07 12:11:12,529 - INFO - Trying to connect via ssh (attempt 1)...
2025-09-07 12:11:12,844 - INFO - Connected (version 2.0, client OpenSSH_8.2p1)
2025-09-07 12:11:13,619 - INFO - Authentication (publickey) failed.
2025-09-07 12:11:13,938 - INFO - Authentication (password) successful!
2025-09-07 12:11:13,939 - INFO - 🔌 Connected via ssh!
2025-09-07 12:11:13,942 - INFO - > Checking Privesc...
2025-09-07 12:11:13,943 - INFO - > Checking whoami...
2025-09-07 12:11:14,821 - INFO - > Checking who...
2025-09-07 12:11:15,284 - INFO - > Checking uname -a...
2025-09-07 12:11:15,788 - INFO - > Checking cat /etc/os-release...
2025-09-07 12:11:16,248 - INFO - > Checking lsb_release -a...
2025-09-07 12:11:16,814 - INFO - > Checking systemctl list-units --type=service...
2025-09-07 12:11:17,283 - INFO - > Checking id...
2025-09-07 12:11:17,792 - INFO - > Checking cat /etc/passwd...
2025-09-07 12:11:18,258 - INFO - > Checking cat /etc/group...
2025-09-07 12:11:18,770 - INFO - > Checking env...
2025-09-07 12:11:19,235 - INFO - > Checking sudo -l...
2025-09-07 12:11:19,748 - INFO - > Checking find / -perm -u=s -type f 2>/dev/null...
2025-09-07 12:11:21,107 - INFO - > Checking uptime...
2025-09-07 12:11:21,616 - INFO - > Checking ps aux...
2025-09-07 12:11:19,150 - INFO - > Checking ip a...
2025-09-07 12:11:19,663 - INFO - > Checking lsmod...
2025-09-07 12:11:20,126 - INFO - > Checking arch...
2025-09-07 12:11:20,632 - INFO - > Checking netstat -tulnp...
2025-09-07 12:11:21,095 - INFO - > Checking hostname...
2025-09-07 12:11:21,604 - INFO - > Checking cat /etc/crontab...
2025-09-07 12:11:22,068 - INFO - > Checking find / -writable -type f 2>/dev/null...
2025-09-07 12:11:23,564 - INFO - > Checking find / -writable -type d 2>/dev/null...
2025-09-07 12:11:24,582 - INFO - Output successfully saved in MyRedFoxProject/privesc
2025-09-07 12:11:24,582 - INFO - 
------------
🧐 Asking RedFox for guidance...

2025-09-07 12:13:57,392 - INFO - Report successfully saved in MyRedFoxProject/privesc_report
