2025-09-05 14:14:42,521 - INFO - Trying to connect to SSH...
2025-09-05 14:14:47,913 - INFO - Connected (version 2.0, client OpenSSH_8.2p1)
2025-09-05 14:14:43,534 - INFO - Authentication (publickey) failed.
2025-09-05 14:14:43,849 - INFO - Authentication (password) successful!
2025-09-05 14:14:43,851 - INFO - Connected via SSH !
2025-09-05 14:14:43,852 - INFO - > Checking Privesc...
2025-09-05 14:14:43,854 - INFO - > Checking whoami...
2025-09-05 14:14:44,763 - INFO - > Checking who...
2025-09-05 14:14:45,218 - INFO - > Checking uname -a...
2025-09-05 14:14:45,727 - INFO - > Checking cat /etc/os-release...
2025-09-05 14:14:46,188 - INFO - > Checking lsb_release -a...
2025-09-05 14:14:46,739 - INFO - > Checking systemctl list-units --type=service...
2025-09-05 14:14:47,205 - INFO - > Checking id...
2025-09-05 14:14:47,710 - INFO - > Checking cat /etc/passwd...
2025-09-05 14:14:48,168 - INFO - > Checking cat /etc/group...
2025-09-05 14:14:48,673 - INFO - > Checking env...
2025-09-05 14:14:49,133 - INFO - > Checking sudo -l...
2025-09-05 14:14:49,638 - INFO - > Checking find / -perm -u=s -type f 2>/dev/null...
2025-09-05 14:14:51,037 - INFO - > Checking uptime...
2025-09-05 14:14:51,539 - INFO - > Checking ps aux...
2025-09-05 14:14:51,999 - INFO - > Checking ip a...
2025-09-05 14:14:52,505 - INFO - > Checking lsmod...
2025-09-05 14:14:53,009 - INFO - > Checking arch...
2025-09-05 14:14:53,468 - INFO - > Checking netstat -tulnp...
2025-09-05 14:14:53,974 - INFO - > Checking hostname...
2025-09-05 14:14:55,123 - INFO - > Checking cat /etc/crontab...
2025-09-05 14:14:55,580 - INFO - > Checking find / -writable -type f 2>/dev/null...
2025-09-05 14:14:56,946 - INFO - > Checking find / -writable -type d 2>/dev/null...
2025-09-05 14:14:57,860 - INFO - Output successfully saved in MyRedFoxProject/privesc
2025-09-05 14:14:57,861 - INFO - 🧐 Asking RedFox for guidance...
2025-09-05 14:16:43,764 - INFO - Report successfully saved in MyRedFoxProject/privesc_report
