2025-09-07 11:40:00,297 - INFO - Trying to connect via ssh (attempt 1)...
2025-09-07 11:40:00,607 - INFO - Connected (version 2.0, client OpenSSH_8.2p1)
2025-09-07 11:40:01,363 - INFO - Authentication (publickey) failed.
2025-09-07 11:40:01,677 - INFO - Authentication (password) successful!
2025-09-07 11:40:01,680 - INFO - 🔌 Connected via ssh!
2025-09-07 11:40:01,681 - INFO - > Checking Privesc...
2025-09-07 11:40:01,682 - INFO - > Checking whoami...
2025-09-07 11:40:02,515 - INFO - > Checking who...
2025-09-07 11:40:02,966 - INFO - > Checking uname -a...
2025-09-07 11:40:03,469 - INFO - > Checking cat /etc/os-release...
2025-09-07 11:40:03,922 - INFO - > Checking lsb_release -a...
2025-09-07 11:40:04,489 - INFO - > Checking systemctl list-units --type=service...
2025-09-07 11:40:04,951 - INFO - > Checking id...
2025-09-07 11:40:02,517 - INFO - > Checking cat /etc/passwd...
2025-09-07 11:40:02,971 - INFO - > Checking cat /etc/group...
2025-09-07 11:40:03,470 - INFO - > Checking env...
2025-09-07 11:40:03,923 - INFO - > Checking sudo -l...
2025-09-07 11:40:04,430 - INFO - > Checking find / -perm -u=s -type f 2>/dev/null...
2025-09-07 11:40:05,654 - INFO - > Checking uptime...
2025-09-07 11:40:06,158 - INFO - > Checking ps aux...
2025-09-07 11:40:06,616 - INFO - > Checking ip a...
2025-09-07 11:40:07,120 - INFO - > Checking lsmod...
2025-09-07 11:40:07,577 - INFO - > Checking arch...
2025-09-07 11:40:08,076 - INFO - > Checking netstat -tulnp...
2025-09-07 11:40:08,531 - INFO - > Checking hostname...
2025-09-07 11:40:09,030 - INFO - > Checking cat /etc/crontab...
2025-09-07 11:40:09,488 - INFO - > Checking find / -writable -type f 2>/dev/null...
2025-09-07 11:40:10,850 - INFO - > Checking find / -writable -type d 2>/dev/null...
2025-09-07 11:40:11,760 - INFO - Output successfully saved in MyRedFoxProject/privesc
2025-09-07 11:40:11,796 - INFO - Report successfully saved in MyRedFoxProject/privesc_report
