2025-09-05 13:26:58,105 - INFO - Trying to connect to SSH...
2025-09-05 13:26:58,423 - INFO - Connected (version 2.0, client OpenSSH_8.2p1)
2025-09-05 13:26:59,195 - INFO - Authentication (publickey) failed.
2025-09-05 13:26:59,510 - INFO - Authentication (password) successful!
2025-09-05 13:26:59,512 - INFO - Connected via SSH !
2025-09-05 13:26:59,514 - INFO - > Checking Privesc...
2025-09-05 13:26:59,515 - INFO - > Checking whoami...
2025-09-05 13:27:00,454 - INFO - > Checking who...
2025-09-05 13:27:00,911 - INFO - > Checking uname -a...
2025-09-05 13:27:01,414 - INFO - > Checking cat /etc/os-release...
2025-09-05 13:27:01,872 - INFO - > Checking lsb_release -a...
2025-09-05 13:27:02,454 - INFO - > Checking systemctl list-units --type=service...
2025-09-05 13:27:02,919 - INFO - > Checking id...
2025-09-05 13:27:03,423 - INFO - > Checking cat /etc/passwd...
2025-09-05 13:27:03,882 - INFO - > Checking cat /etc/group...
2025-09-05 13:27:04,386 - INFO - > Checking env...
2025-09-05 13:27:04,843 - INFO - > Checking sudo -l...
2025-09-05 13:27:05,348 - INFO - > Checking find / -perm -u=s -type f 2>/dev/null...
2025-09-05 13:27:06,653 - INFO - > Checking uptime...
2025-09-05 13:27:07,161 - INFO - > Checking ps aux...
2025-09-05 13:27:07,620 - INFO - > Checking ip a...
2025-09-05 13:27:08,124 - INFO - > Checking lsmod...
2025-09-05 13:27:08,594 - INFO - > Checking arch...
2025-09-05 13:27:09,097 - INFO - > Checking netstat -tulnp...
2025-09-05 13:27:09,557 - INFO - > Checking hostname...
2025-09-05 13:27:07,114 - INFO - > Checking cat /etc/crontab...
2025-09-05 13:27:12,684 - INFO - > Checking find / -writable -type f 2>/dev/null...
2025-09-05 13:27:08,895 - INFO - > Checking find / -writable -type d 2>/dev/null...
2025-09-05 13:27:09,897 - INFO - Output successfully saved in MyRedFoxProject/privesc
2025-09-05 13:27:09,900 - INFO - 🧐 Asking RedFox for guidance...
2025-09-05 13:27:13,391 - INFO - Report successfully saved in MyRedFoxProject/privesc_report
