2025-09-07 11:52:14,830 - INFO - Trying to connect via ssh (attempt 1)...
2025-09-07 11:52:15,151 - INFO - Connected (version 2.0, client OpenSSH_8.2p1)
2025-09-07 11:52:15,942 - INFO - Authentication (publickey) failed.
2025-09-07 11:52:16,267 - INFO - Authentication (password) successful!
2025-09-07 11:52:16,269 - INFO - 🔌 Connected via ssh!
2025-09-07 11:52:16,270 - INFO - > Checking Privesc...
2025-09-07 11:52:16,272 - INFO - > Checking whoami...
2025-09-07 11:52:17,140 - INFO - > Checking who...
2025-09-07 11:52:17,611 - INFO - > Checking uname -a...
2025-09-07 11:52:18,129 - INFO - > Checking cat /etc/os-release...
2025-09-07 11:52:15,667 - INFO - > Checking lsb_release -a...
2025-09-07 11:52:16,243 - INFO - > Checking systemctl list-units --type=service...
2025-09-07 11:52:16,722 - INFO - > Checking id...
2025-09-07 11:52:17,237 - INFO - > Checking cat /etc/passwd...
2025-09-07 11:52:17,705 - INFO - > Checking cat /etc/group...
2025-09-07 11:52:18,226 - INFO - > Checking env...
2025-09-07 11:52:18,693 - INFO - > Checking sudo -l...
2025-09-07 11:52:19,213 - INFO - > Checking find / -perm -u=s -type f 2>/dev/null...
2025-09-07 11:52:20,654 - INFO - > Checking uptime...
2025-09-07 11:52:21,168 - INFO - > Checking ps aux...
2025-09-07 11:52:21,640 - INFO - > Checking ip a...
2025-09-07 11:52:22,155 - INFO - > Checking lsmod...
2025-09-07 11:52:22,629 - INFO - > Checking arch...
2025-09-07 11:52:23,145 - INFO - > Checking netstat -tulnp...
2025-09-07 11:52:23,617 - INFO - > Checking hostname...
2025-09-07 11:52:24,132 - INFO - > Checking cat /etc/crontab...
2025-09-07 11:52:24,599 - INFO - > Checking find / -writable -type f 2>/dev/null...
2025-09-07 11:52:25,941 - INFO - > Checking find / -writable -type d 2>/dev/null...
2025-09-07 11:52:26,873 - INFO - Output successfully saved in MyRedFoxProject/privesc
2025-09-07 11:52:26,876 - INFO - 
------------
🧐 Asking RedFox for guidance...

2025-09-07 11:55:16,191 - INFO - Report successfully saved in MyRedFoxProject/privesc_report
