2025-09-07 11:38:58,810 - INFO - Trying to connect via ssh (attempt 1)...
2025-09-07 11:38:59,123 - INFO - Connected (version 2.0, client OpenSSH_8.2p1)
2025-09-07 11:38:59,892 - INFO - Authentication (publickey) failed.
2025-09-07 11:39:00,207 - INFO - Authentication (password) successful!
2025-09-07 11:39:00,209 - INFO - 🔌 Connected via ssh!
2025-09-07 11:39:00,211 - INFO - > Checking Privesc...
2025-09-07 11:39:00,212 - INFO - > Checking whoami...
2025-09-07 11:39:01,089 - INFO - > Checking who...
2025-09-07 11:39:01,543 - INFO - > Checking uname -a...
2025-09-07 11:39:02,040 - INFO - > Checking cat /etc/os-release...
2025-09-07 11:39:02,496 - INFO - > Checking lsb_release -a...
2025-09-07 11:39:03,052 - INFO - > Checking systemctl list-units --type=service...
2025-09-07 11:39:03,514 - INFO - > Checking id...
2025-09-07 11:39:04,019 - INFO - > Checking cat /etc/passwd...
2025-09-07 11:39:04,478 - INFO - > Checking cat /etc/group...
2025-09-07 11:39:04,984 - INFO - > Checking env...
2025-09-07 11:39:05,437 - INFO - > Checking sudo -l...
2025-09-07 11:39:05,947 - INFO - > Checking find / -perm -u=s -type f 2>/dev/null...
2025-09-07 11:39:04,504 - INFO - > Checking uptime...
2025-09-07 11:39:04,958 - INFO - > Checking ps aux...
2025-09-07 11:39:05,458 - INFO - > Checking ip a...
2025-09-07 11:39:05,913 - INFO - > Checking lsmod...
2025-09-07 11:39:06,414 - INFO - > Checking arch...
2025-09-07 11:39:06,872 - INFO - > Checking netstat -tulnp...
2025-09-07 11:39:07,511 - INFO - > Checking hostname...
2025-09-07 11:39:07,967 - INFO - > Checking cat /etc/crontab...
2025-09-07 11:39:08,468 - INFO - > Checking find / -writable -type f 2>/dev/null...
2025-09-07 11:39:09,762 - INFO - > Checking find / -writable -type d 2>/dev/null...
2025-09-07 11:39:10,700 - INFO - Output successfully saved in MyRedFoxProject/privesc
2025-09-07 11:39:10,728 - INFO - Report successfully saved in MyRedFoxProject/privesc_report
