2025-09-07 12:18:16,666 - INFO - Trying to connect via ssh (attempt 1)...
2025-09-07 12:18:24,212 - INFO - Connected (version 2.0, client OpenSSH_8.2p1)
2025-09-07 12:18:24,979 - INFO - Authentication (publickey) failed.
2025-09-07 12:18:25,294 - INFO - Authentication (password) successful!
2025-09-07 12:18:25,296 - INFO - 🔌 Connected via ssh!
2025-09-07 12:18:25,297 - INFO - > Checking Privesc...
2025-09-07 12:18:25,298 - INFO - > Checking whoami...
2025-09-07 12:18:26,152 - INFO - > Checking who...
2025-09-07 12:18:26,609 - INFO - > Checking uname -a...
2025-09-07 12:18:27,115 - INFO - > Checking cat /etc/os-release...
2025-09-07 12:18:27,573 - INFO - > Checking lsb_release -a...
2025-09-07 12:18:28,150 - INFO - > Checking systemctl list-units --type=service...
2025-09-07 12:18:28,619 - INFO - > Checking id...
2025-09-07 12:18:29,125 - INFO - > Checking cat /etc/passwd...
2025-09-07 12:18:29,585 - INFO - > Checking cat /etc/group...
2025-09-07 12:18:30,092 - INFO - > Checking env...
2025-09-07 12:18:30,552 - INFO - > Checking sudo -l...
2025-09-07 12:18:31,451 - INFO - > Checking find / -perm -u=s -type f 2>/dev/null...
2025-09-07 12:18:32,742 - INFO - > Checking uptime...
2025-09-07 12:18:33,200 - INFO - > Checking ps aux...
2025-09-07 12:18:33,707 - INFO - > Checking ip a...
2025-09-07 12:18:34,164 - INFO - > Checking lsmod...
2025-09-07 12:18:34,671 - INFO - > Checking arch...
2025-09-07 12:18:35,129 - INFO - > Checking netstat -tulnp...
2025-09-07 12:18:35,637 - INFO - > Checking hostname...
2025-09-07 12:18:36,092 - INFO - > Checking cat /etc/crontab...
2025-09-07 12:18:36,600 - INFO - > Checking find / -writable -type f 2>/dev/null...
2025-09-07 12:18:37,833 - INFO - > Checking find / -writable -type d 2>/dev/null...
2025-09-07 12:18:38,851 - INFO - Output successfully saved in MyRedFoxProject/privesc
2025-09-07 12:18:38,853 - INFO - 
------------
🧐 Asking RedFox for guidance...

2025-09-07 12:20:45,774 - INFO - Report successfully saved in MyRedFoxProject/privesc_report
