2025-09-07 11:35:49,598 - INFO - Trying to connect via ssh (attempt 1)...
2025-09-07 11:35:49,925 - INFO - Connected (version 2.0, client OpenSSH_8.2p1)
2025-09-07 11:35:50,720 - INFO - Authentication (publickey) failed.
2025-09-07 11:35:51,043 - INFO - Authentication (password) successful!
2025-09-07 11:35:51,045 - INFO - 🔌 Connected via ssh!
2025-09-07 11:35:51,047 - INFO - > Checking Privesc...
2025-09-07 11:35:51,048 - INFO - > Checking whoami...
2025-09-07 11:35:51,952 - INFO - > Checking who...
2025-09-07 11:35:52,427 - INFO - > Checking uname -a...
2025-09-07 11:35:52,948 - INFO - > Checking cat /etc/os-release...
2025-09-07 11:35:53,422 - INFO - > Checking lsb_release -a...
2025-09-07 11:35:54,007 - INFO - > Checking systemctl list-units --type=service...
2025-09-07 11:35:54,491 - INFO - > Checking id...
2025-09-07 11:35:55,013 - INFO - > Checking cat /etc/passwd...
2025-09-07 11:35:55,486 - INFO - > Checking cat /etc/group...
2025-09-07 11:35:56,008 - INFO - > Checking env...
2025-09-07 11:35:56,481 - INFO - > Checking sudo -l...
2025-09-07 11:35:57,008 - INFO - > Checking find / -perm -u=s -type f 2>/dev/null...
2025-09-07 11:35:58,385 - INFO - > Checking uptime...
2025-09-07 11:35:58,902 - INFO - > Checking ps aux...
2025-09-07 11:35:59,501 - INFO - > Checking ip a...
2025-09-07 11:36:00,022 - INFO - > Checking lsmod...
2025-09-07 11:36:00,502 - INFO - > Checking arch...
2025-09-07 11:36:01,024 - INFO - > Checking netstat -tulnp...
2025-09-07 11:36:01,500 - INFO - > Checking hostname...
2025-09-07 11:36:02,020 - INFO - > Checking cat /etc/crontab...
2025-09-07 11:36:03,649 - INFO - > Checking find / -writable -type f 2>/dev/null...
2025-09-07 11:36:05,107 - INFO - > Checking find / -writable -type d 2>/dev/null...
