2025-09-07 10:45:18,610 - INFO - Trying to connect via ssh (attempt 1)...
2025-09-07 10:45:18,940 - INFO - Connected (version 2.0, client OpenSSH_8.2p1)
2025-09-07 10:45:19,751 - INFO - Authentication (publickey) failed.
2025-09-07 10:45:20,087 - INFO - Authentication (password) successful!
2025-09-07 10:45:20,089 - INFO - Connected via ssh!
2025-09-07 10:45:20,091 - INFO - > Checking Privesc...
2025-09-07 10:45:20,092 - INFO - > Checking whoami...
2025-09-07 10:45:20,094 - INFO - > Checking who...
2025-09-07 10:45:20,095 - INFO - > Checking uname -a...
2025-09-07 10:45:20,096 - INFO - > Checking cat /etc/os-release...
2025-09-07 10:45:20,108 - INFO - > Checking lsb_release -a...
2025-09-07 10:45:20,109 - INFO - > Checking systemctl list-units --type=service...
2025-09-07 10:45:20,109 - INFO - > Checking id...
2025-09-07 10:45:20,110 - INFO - > Checking cat /etc/passwd...
2025-09-07 10:45:20,110 - INFO - > Checking cat /etc/group...
2025-09-07 10:45:20,112 - INFO - > Checking env...
2025-09-07 10:45:20,113 - INFO - > Checking sudo -l...
2025-09-07 10:45:20,113 - INFO - > Checking find / -perm -u=s -type f 2>/dev/null...
2025-09-07 10:45:20,114 - INFO - > Checking uptime...
2025-09-07 10:45:20,114 - INFO - > Checking ps aux...
2025-09-07 10:45:20,116 - INFO - > Checking ip a...
2025-09-07 10:45:20,117 - INFO - > Checking lsmod...
2025-09-07 10:45:20,117 - INFO - > Checking arch...
2025-09-07 10:45:20,118 - INFO - > Checking netstat -tulnp...
2025-09-07 10:45:20,118 - INFO - > Checking hostname...
2025-09-07 10:45:20,119 - INFO - > Checking cat /etc/crontab...
2025-09-07 10:45:20,119 - INFO - > Checking find / -writable -type f 2>/dev/null...
2025-09-07 10:45:20,120 - INFO - > Checking find / -writable -type d 2>/dev/null...
2025-09-07 10:45:20,122 - INFO - Output successfully saved in MyRedFoxProject/privesc
2025-09-07 10:45:20,123 - INFO - 🧐 Asking RedFox for guidance...
