2025-09-07 10:47:36,196 - INFO - Trying to connect via ssh (attempt 1)...
2025-09-07 10:47:36,496 - INFO - Connected (version 2.0, client OpenSSH_8.2p1)
2025-09-07 10:47:37,236 - INFO - Authentication (publickey) failed.
2025-09-07 10:47:37,544 - INFO - Authentication (password) successful!
2025-09-07 10:47:37,547 - INFO - Connected via ssh!
2025-09-07 10:47:37,548 - INFO - > Checking Privesc...
2025-09-07 10:47:37,550 - INFO - > Checking whoami...
2025-09-07 10:47:37,551 - INFO - > Checking who...
2025-09-07 10:47:37,552 - INFO - > Checking uname -a...
2025-09-07 10:47:37,554 - INFO - > Checking cat /etc/os-release...
2025-09-07 10:47:37,556 - INFO - > Checking lsb_release -a...
2025-09-07 10:47:37,557 - INFO - > Checking systemctl list-units --type=service...
2025-09-07 10:47:37,559 - INFO - > Checking id...
2025-09-07 10:47:37,560 - INFO - > Checking cat /etc/passwd...
2025-09-07 10:47:37,561 - INFO - > Checking cat /etc/group...
2025-09-07 10:47:37,562 - INFO - > Checking env...
2025-09-07 10:47:37,563 - INFO - > Checking sudo -l...
2025-09-07 10:47:37,564 - INFO - > Checking find / -perm -u=s -type f 2>/dev/null...
2025-09-07 10:47:37,566 - INFO - > Checking uptime...
2025-09-07 10:47:37,567 - INFO - > Checking ps aux...
2025-09-07 10:47:37,569 - INFO - > Checking ip a...
2025-09-07 10:47:37,570 - INFO - > Checking lsmod...
2025-09-07 10:47:37,571 - INFO - > Checking arch...
2025-09-07 10:47:37,572 - INFO - > Checking netstat -tulnp...
2025-09-07 10:47:37,573 - INFO - > Checking hostname...
2025-09-07 10:47:37,574 - INFO - > Checking cat /etc/crontab...
2025-09-07 10:47:37,575 - INFO - > Checking find / -writable -type f 2>/dev/null...
2025-09-07 10:47:37,576 - INFO - > Checking find / -writable -type d 2>/dev/null...
2025-09-07 10:47:37,596 - INFO - Output successfully saved in MyRedFoxProject/privesc
2025-09-07 10:47:37,598 - INFO - 🧐 Asking RedFox for guidance...
