2025-09-05 14:19:34,930 - INFO - Trying to connect to SSH...
2025-09-05 14:19:35,253 - INFO - Connected (version 2.0, client OpenSSH_8.2p1)
2025-09-05 14:19:36,139 - INFO - Authentication (publickey) failed.
2025-09-05 14:19:36,485 - INFO - Authentication (password) successful!
2025-09-05 14:19:36,485 - INFO - Connected via SSH !
2025-09-05 14:19:36,486 - INFO - > Checking Privesc...
2025-09-05 14:19:36,486 - INFO - > Checking whoami...
2025-09-05 14:19:37,407 - INFO - > Checking who...
2025-09-05 14:19:37,881 - INFO - > Checking uname -a...
2025-09-05 14:19:38,401 - INFO - > Checking cat /etc/os-release...
2025-09-05 14:19:38,875 - INFO - > Checking lsb_release -a...
2025-09-05 14:19:39,448 - INFO - > Checking systemctl list-units --type=service...
2025-09-05 14:19:39,931 - INFO - > Checking id...
2025-09-05 14:19:40,504 - INFO - > Checking cat /etc/passwd...
2025-09-05 14:19:40,980 - INFO - > Checking cat /etc/group...
2025-09-05 14:19:41,502 - INFO - > Checking env...
2025-09-05 14:19:41,977 - INFO - > Checking sudo -l...
2025-09-05 14:19:42,509 - INFO - > Checking find / -perm -u=s -type f 2>/dev/null...
2025-09-05 14:19:43,978 - INFO - > Checking uptime...
2025-09-05 14:19:44,501 - INFO - > Checking ps aux...
2025-09-05 14:19:44,976 - INFO - > Checking ip a...
2025-09-05 14:19:45,500 - INFO - > Checking lsmod...
2025-09-05 14:19:43,036 - INFO - > Checking arch...
2025-09-05 14:19:43,493 - INFO - > Checking netstat -tulnp...
2025-09-05 14:19:43,970 - INFO - > Checking hostname...
2025-09-05 14:19:44,492 - INFO - > Checking cat /etc/crontab...
2025-09-05 14:19:44,966 - INFO - > Checking find / -writable -type f 2>/dev/null...
2025-09-05 14:19:46,342 - INFO - > Checking find / -writable -type d 2>/dev/null...
2025-09-05 14:19:47,299 - INFO - Output successfully saved in MyRedFoxProject/privesc
2025-09-05 14:19:47,300 - INFO - 🧐 Asking RedFox for guidance...
2025-09-05 14:22:11,269 - INFO - Report successfully saved in MyRedFoxProject/privesc_report
