2025-09-07 12:16:10,737 - INFO - Trying to connect via ssh (attempt 1)...
2025-09-07 12:16:11,056 - INFO - Connected (version 2.0, client OpenSSH_8.2p1)
2025-09-07 12:16:11,833 - INFO - Authentication (publickey) failed.
2025-09-07 12:16:12,155 - INFO - Authentication (password) successful!
2025-09-07 12:16:12,157 - INFO - 🔌 Connected via ssh!
2025-09-07 12:16:12,158 - INFO - > Checking Privesc...
2025-09-07 12:16:12,159 - INFO - > Checking whoami...
2025-09-07 12:16:13,108 - INFO - > Checking who...
2025-09-07 12:16:13,580 - INFO - > Checking uname -a...
2025-09-07 12:16:14,093 - INFO - > Checking cat /etc/os-release...
2025-09-07 12:16:14,560 - INFO - > Checking lsb_release -a...
2025-09-07 12:16:15,139 - INFO - > Checking systemctl list-units --type=service...
2025-09-07 12:16:12,689 - INFO - > Checking id...
2025-09-07 12:16:13,204 - INFO - > Checking cat /etc/passwd...
2025-09-07 12:16:13,673 - INFO - > Checking cat /etc/group...
2025-09-07 12:16:14,188 - INFO - > Checking env...
2025-09-07 12:16:14,654 - INFO - > Checking sudo -l...
2025-09-07 12:16:15,178 - INFO - > Checking find / -perm -u=s -type f 2>/dev/null...
2025-09-07 12:16:16,529 - INFO - > Checking uptime...
2025-09-07 12:16:17,044 - INFO - > Checking ps aux...
