2025-09-05 13:34:17,108 - INFO - Trying to connect to SSH...
2025-09-05 13:34:17,419 - INFO - Connected (version 2.0, client OpenSSH_8.2p1)
2025-09-05 13:34:18,193 - INFO - Authentication (publickey) failed.
2025-09-05 13:34:18,508 - INFO - Authentication (password) successful!
2025-09-05 13:34:18,512 - INFO - Connected via SSH !
2025-09-05 13:34:18,513 - INFO - > Checking Privesc...
2025-09-05 13:34:18,515 - INFO - > Checking whoami...
2025-09-05 13:34:19,484 - INFO - > Checking who...
2025-09-05 13:34:19,939 - INFO - > Checking uname -a...
2025-09-05 13:34:20,440 - INFO - > Checking cat /etc/os-release...
2025-09-05 13:34:20,894 - INFO - > Checking lsb_release -a...
2025-09-05 13:34:21,454 - INFO - > Checking systemctl list-units --type=service...
2025-09-05 13:34:21,916 - INFO - > Checking id...
2025-09-05 13:34:22,418 - INFO - > Checking cat /etc/passwd...
2025-09-05 13:34:22,873 - INFO - > Checking cat /etc/group...
2025-09-05 13:34:23,374 - INFO - > Checking env...
2025-09-05 13:34:23,827 - INFO - > Checking sudo -l...
2025-09-05 13:34:24,331 - INFO - > Checking find / -perm -u=s -type f 2>/dev/null...
2025-09-05 13:34:25,696 - INFO - > Checking uptime...
2025-09-05 13:34:26,194 - INFO - > Checking ps aux...
2025-09-05 13:34:26,651 - INFO - > Checking ip a...
2025-09-05 13:34:27,152 - INFO - > Checking lsmod...
2025-09-05 13:34:27,609 - INFO - > Checking arch...
2025-09-05 13:34:28,108 - INFO - > Checking netstat -tulnp...
2025-09-05 13:34:28,566 - INFO - > Checking hostname...
2025-09-05 13:34:29,066 - INFO - > Checking cat /etc/crontab...
2025-09-05 13:34:29,522 - INFO - > Checking find / -writable -type f 2>/dev/null...
2025-09-05 13:34:30,853 - INFO - > Checking find / -writable -type d 2>/dev/null...
2025-09-05 13:34:31,798 - INFO - Output successfully saved in MyRedFoxProject/privesc
