2025-09-05 13:39:33,522 - INFO - Trying to connect to SSH...
2025-09-05 13:39:33,836 - INFO - Connected (version 2.0, client OpenSSH_8.2p1)
2025-09-05 13:39:34,606 - INFO - Authentication (publickey) failed.
2025-09-05 13:39:34,920 - INFO - Authentication (password) successful!
2025-09-05 13:39:34,922 - INFO - Connected via SSH !
2025-09-05 13:39:34,923 - INFO - > Checking Privesc...
2025-09-05 13:39:34,925 - INFO - > Checking whoami...
2025-09-05 13:39:35,940 - INFO - > Checking who...
2025-09-05 13:39:36,393 - INFO - > Checking uname -a...
2025-09-05 13:39:36,895 - INFO - > Checking cat /etc/os-release...
2025-09-05 13:39:37,351 - INFO - > Checking lsb_release -a...
2025-09-05 13:39:37,913 - INFO - > Checking systemctl list-units --type=service...
2025-09-05 13:39:38,378 - INFO - > Checking id...
2025-09-05 13:39:38,882 - INFO - > Checking cat /etc/passwd...
2025-09-05 13:39:39,337 - INFO - > Checking cat /etc/group...
2025-09-05 13:39:39,838 - INFO - > Checking env...
2025-09-05 13:39:40,294 - INFO - > Checking sudo -l...
2025-09-05 13:39:40,804 - INFO - > Checking find / -perm -u=s -type f 2>/dev/null...
2025-09-05 13:39:39,013 - INFO - > Checking uptime...
2025-09-05 13:39:39,516 - INFO - > Checking ps aux...
2025-09-05 13:39:39,973 - INFO - > Checking ip a...
2025-09-05 13:39:40,475 - INFO - > Checking lsmod...
2025-09-05 13:39:40,934 - INFO - > Checking arch...
2025-09-05 13:39:41,437 - INFO - > Checking netstat -tulnp...
2025-09-05 13:39:41,896 - INFO - > Checking hostname...
2025-09-05 13:39:42,404 - INFO - > Checking cat /etc/crontab...
2025-09-05 13:39:42,860 - INFO - > Checking find / -writable -type f 2>/dev/null...
2025-09-05 13:39:44,181 - INFO - > Checking find / -writable -type d 2>/dev/null...
2025-09-05 13:39:44,980 - INFO - Output successfully saved in MyRedFoxProject/privesc
2025-09-05 13:39:44,981 - INFO - 🧐 Asking RedFox for guidance...
