2025-09-05 14:27:26,156 - INFO - Trying to connect to SSH...
2025-09-05 14:27:26,471 - INFO - Connected (version 2.0, client OpenSSH_8.2p1)
2025-09-05 14:27:27,242 - INFO - Authentication (publickey) failed.
2025-09-05 14:27:27,560 - INFO - Authentication (password) successful!
2025-09-05 14:27:27,562 - INFO - Connected via SSH !
2025-09-05 14:27:27,563 - INFO - > Checking Privesc...
2025-09-05 14:27:27,564 - INFO - > Checking whoami...
2025-09-05 14:27:28,506 - INFO - > Checking who...
2025-09-05 14:27:28,974 - INFO - > Checking uname -a...
2025-09-05 14:27:29,484 - INFO - > Checking cat /etc/os-release...
2025-09-05 14:27:29,946 - INFO - > Checking lsb_release -a...
2025-09-05 14:27:30,521 - INFO - > Checking systemctl list-units --type=service...
2025-09-05 14:27:30,993 - INFO - > Checking id...
2025-09-05 14:27:31,500 - INFO - > Checking cat /etc/passwd...
2025-09-05 14:27:31,961 - INFO - > Checking cat /etc/group...
2025-09-05 14:27:32,468 - INFO - > Checking env...
2025-09-05 14:27:32,924 - INFO - > Checking sudo -l...
2025-09-05 14:27:33,437 - INFO - > Checking find / -perm -u=s -type f 2>/dev/null...
2025-09-05 14:27:34,855 - INFO - > Checking uptime...
2025-09-05 14:27:35,360 - INFO - > Checking ps aux...
2025-09-05 14:27:35,821 - INFO - > Checking ip a...
2025-09-05 14:27:36,328 - INFO - > Checking lsmod...
2025-09-05 14:27:36,837 - INFO - > Checking arch...
2025-09-05 14:27:37,294 - INFO - > Checking netstat -tulnp...
2025-09-05 14:27:37,802 - INFO - > Checking hostname...
2025-09-05 14:27:38,261 - INFO - > Checking cat /etc/crontab...
2025-09-05 14:27:38,765 - INFO - > Checking find / -writable -type f 2>/dev/null...
2025-09-05 14:27:39,972 - INFO - > Checking find / -writable -type d 2>/dev/null...
2025-09-05 14:27:40,924 - INFO - Output successfully saved in MyRedFoxProject/privesc
2025-09-05 14:27:40,925 - INFO - 🧐 Asking RedFox for guidance...
2025-09-05 14:29:16,103 - INFO - Report successfully saved in MyRedFoxProject/privesc_report
