2025-09-07 10:52:41,384 - INFO - Trying to connect via ssh (attempt 1)...
2025-09-07 10:52:41,710 - INFO - Connected (version 2.0, client OpenSSH_8.2p1)
2025-09-07 10:52:43,930 - INFO - Authentication (publickey) failed.
2025-09-07 10:52:44,259 - INFO - Authentication (password) successful!
2025-09-07 10:52:44,260 - INFO - Connected via ssh!
2025-09-07 10:52:44,262 - INFO - > Checking Privesc...
2025-09-07 10:52:44,263 - INFO - > Checking whoami...
2025-09-07 10:52:44,265 - INFO - [Privesc] Error in running whoami
'function' object has no attribute 'exec_command'
2025-09-07 10:52:44,266 - INFO - > Checking who...
2025-09-07 10:52:44,278 - INFO - [Privesc] Error in running who
'function' object has no attribute 'exec_command'
2025-09-07 10:52:44,279 - INFO - > Checking uname -a...
2025-09-07 10:52:44,281 - INFO - [Privesc] Error in running uname -a
'function' object has no attribute 'exec_command'
2025-09-07 10:52:44,282 - INFO - > Checking cat /etc/os-release...
2025-09-07 10:52:44,283 - INFO - [Privesc] Error in running cat /etc/os-release
'function' object has no attribute 'exec_command'
2025-09-07 10:52:44,284 - INFO - > Checking lsb_release -a...
2025-09-07 10:52:44,285 - INFO - [Privesc] Error in running lsb_release -a
'function' object has no attribute 'exec_command'
2025-09-07 10:52:44,285 - INFO - > Checking systemctl list-units --type=service...
2025-09-07 10:52:44,286 - INFO - [Privesc] Error in running systemctl list-units --type=service
'function' object has no attribute 'exec_command'
2025-09-07 10:52:44,286 - INFO - > Checking id...
2025-09-07 10:52:44,287 - INFO - [Privesc] Error in running id
'function' object has no attribute 'exec_command'
2025-09-07 10:52:44,289 - INFO - > Checking cat /etc/passwd...
2025-09-07 10:52:44,289 - INFO - [Privesc] Error in running cat /etc/passwd
'function' object has no attribute 'exec_command'
2025-09-07 10:52:44,290 - INFO - > Checking cat /etc/group...
2025-09-07 10:52:44,291 - INFO - [Privesc] Error in running cat /etc/group
'function' object has no attribute 'exec_command'
2025-09-07 10:52:44,292 - INFO - > Checking env...
2025-09-07 10:52:44,293 - INFO - [Privesc] Error in running env
'function' object has no attribute 'exec_command'
2025-09-07 10:52:44,293 - INFO - > Checking sudo -l...
2025-09-07 10:52:44,294 - INFO - [Privesc] Error in running sudo -l
'function' object has no attribute 'exec_command'
2025-09-07 10:52:44,295 - INFO - > Checking find / -perm -u=s -type f 2>/dev/null...
2025-09-07 10:52:44,297 - INFO - [Privesc] Error in running find / -perm -u=s -type f 2>/dev/null
'function' object has no attribute 'exec_command'
2025-09-07 10:52:44,298 - INFO - > Checking uptime...
2025-09-07 10:52:44,300 - INFO - [Privesc] Error in running uptime
'function' object has no attribute 'exec_command'
2025-09-07 10:52:44,301 - INFO - > Checking ps aux...
2025-09-07 10:52:44,302 - INFO - [Privesc] Error in running ps aux
'function' object has no attribute 'exec_command'
2025-09-07 10:52:44,303 - INFO - > Checking ip a...
2025-09-07 10:52:44,303 - INFO - [Privesc] Error in running ip a
'function' object has no attribute 'exec_command'
2025-09-07 10:52:44,305 - INFO - > Checking lsmod...
2025-09-07 10:52:44,306 - INFO - [Privesc] Error in running lsmod
'function' object has no attribute 'exec_command'
2025-09-07 10:52:44,307 - INFO - > Checking arch...
2025-09-07 10:52:44,308 - INFO - [Privesc] Error in running arch
'function' object has no attribute 'exec_command'
2025-09-07 10:52:44,308 - INFO - > Checking netstat -tulnp...
2025-09-07 10:52:44,308 - INFO - [Privesc] Error in running netstat -tulnp
'function' object has no attribute 'exec_command'
2025-09-07 10:52:44,309 - INFO - > Checking hostname...
2025-09-07 10:52:44,309 - INFO - [Privesc] Error in running hostname
'function' object has no attribute 'exec_command'
2025-09-07 10:52:44,309 - INFO - > Checking cat /etc/crontab...
2025-09-07 10:52:44,309 - INFO - [Privesc] Error in running cat /etc/crontab
'function' object has no attribute 'exec_command'
2025-09-07 10:52:44,310 - INFO - > Checking find / -writable -type f 2>/dev/null...
2025-09-07 10:52:44,310 - INFO - [Privesc] Error in running find / -writable -type f 2>/dev/null
'function' object has no attribute 'exec_command'
2025-09-07 10:52:44,310 - INFO - > Checking find / -writable -type d 2>/dev/null...
2025-09-07 10:52:44,310 - INFO - [Privesc] Error in running find / -writable -type d 2>/dev/null
'function' object has no attribute 'exec_command'
