2025-09-05 13:38:15,676 - INFO - Trying to connect to SSH...
2025-09-05 13:38:15,998 - INFO - Connected (version 2.0, client OpenSSH_8.2p1)
2025-09-05 13:38:16,794 - INFO - Authentication (publickey) failed.
2025-09-05 13:38:17,119 - INFO - Authentication (password) successful!
2025-09-05 13:38:17,121 - INFO - Connected via SSH !
2025-09-05 13:38:17,123 - INFO - > Checking Privesc...
2025-09-05 13:38:17,124 - INFO - > Checking whoami...
2025-09-05 13:38:18,179 - INFO - > Checking who...
2025-09-05 13:38:18,659 - INFO - > Checking uname -a...
2025-09-05 13:38:19,177 - INFO - > Checking cat /etc/os-release...
2025-09-05 13:38:19,648 - INFO - > Checking lsb_release -a...
2025-09-05 13:38:20,229 - INFO - > Checking systemctl list-units --type=service...
2025-09-05 13:38:20,707 - INFO - > Checking id...
2025-09-05 13:38:21,225 - INFO - > Checking cat /etc/passwd...
2025-09-05 13:38:21,704 - INFO - > Checking cat /etc/group...
2025-09-05 13:38:22,222 - INFO - > Checking env...
2025-09-05 13:38:22,696 - INFO - > Checking sudo -l...
2025-09-05 13:38:23,222 - INFO - > Checking find / -perm -u=s -type f 2>/dev/null...
2025-09-05 13:38:24,533 - INFO - > Checking uptime...
2025-09-05 13:38:25,054 - INFO - > Checking ps aux...
2025-09-05 13:38:25,527 - INFO - > Checking ip a...
2025-09-05 13:38:26,050 - INFO - > Checking lsmod...
2025-09-05 13:38:26,526 - INFO - > Checking arch...
2025-09-05 13:38:27,046 - INFO - > Checking netstat -tulnp...
2025-09-05 13:38:27,517 - INFO - > Checking hostname...
2025-09-05 13:38:28,033 - INFO - > Checking cat /etc/crontab...
2025-09-05 13:38:28,503 - INFO - > Checking find / -writable -type f 2>/dev/null...
2025-09-05 13:38:29,829 - INFO - > Checking find / -writable -type d 2>/dev/null...
2025-09-05 13:38:30,825 - INFO - Output successfully saved in MyRedFoxProject/privesc
2025-09-05 13:38:30,825 - INFO - 🧐 Asking RedFox for guidance...
2025-09-05 13:38:35,988 - INFO - Report successfully saved in MyRedFoxProject/privesc_report
