2025-09-07 11:15:54,563 - INFO - Trying to connect via ssh (attempt 1)...
2025-09-07 11:15:54,876 - INFO - Connected (version 2.0, client OpenSSH_8.2p1)
2025-09-07 11:15:56,108 - INFO - Authentication (publickey) failed.
2025-09-07 11:15:56,422 - INFO - Authentication (password) successful!
2025-09-07 11:15:56,423 - INFO - Connected via ssh!
2025-09-07 11:15:56,423 - INFO - > Checking Privesc...
2025-09-07 11:15:56,424 - INFO - > Checking whoami...
2025-09-07 11:15:57,267 - INFO - > Checking who...
2025-09-07 11:15:57,723 - INFO - > Checking uname -a...
2025-09-07 11:15:58,220 - INFO - > Checking cat /etc/os-release...
2025-09-07 11:15:58,676 - INFO - > Checking lsb_release -a...
2025-09-07 11:15:59,241 - INFO - > Checking systemctl list-units --type=service...
2025-09-07 11:15:59,704 - INFO - > Checking id...
2025-09-07 11:16:00,204 - INFO - > Checking cat /etc/passwd...
2025-09-07 11:16:00,657 - INFO - > Checking cat /etc/group...
2025-09-07 11:16:01,155 - INFO - > Checking env...
2025-09-07 11:16:01,611 - INFO - > Checking sudo -l...
2025-09-07 11:16:02,118 - INFO - > Checking find / -perm -u=s -type f 2>/dev/null...
2025-09-07 11:16:03,482 - INFO - > Checking uptime...
2025-09-07 11:16:03,982 - INFO - > Checking ps aux...
2025-09-07 11:16:04,442 - INFO - > Checking ip a...
2025-09-07 11:16:04,945 - INFO - > Checking lsmod...
2025-09-07 11:16:05,403 - INFO - > Checking arch...
2025-09-07 11:16:05,900 - INFO - > Checking netstat -tulnp...
2025-09-07 11:16:06,357 - INFO - > Checking hostname...
2025-09-07 11:16:06,859 - INFO - > Checking cat /etc/crontab...
2025-09-07 11:16:04,385 - INFO - > Checking find / -writable -type f 2>/dev/null...
2025-09-07 11:16:05,733 - INFO - > Checking find / -writable -type d 2>/dev/null...
2025-09-07 11:16:06,637 - INFO - Output successfully saved in MyRedFoxProject/privesc
2025-09-07 11:16:06,637 - INFO - 
------------
🧐 Asking RedFox for guidance...

2025-09-07 11:17:53,194 - INFO - Report successfully saved in MyRedFoxProject/privesc_report
