2025-09-05 14:02:17,939 - INFO - Trying to connect to SSH...
2025-09-05 14:02:18,269 - INFO - Connected (version 2.0, client OpenSSH_8.2p1)
2025-09-05 14:02:19,066 - INFO - Authentication (publickey) failed.
2025-09-05 14:02:19,395 - INFO - Authentication (password) successful!
2025-09-05 14:02:19,397 - INFO - Connected via SSH !
2025-09-05 14:02:19,400 - INFO - > Checking Privesc...
2025-09-05 14:02:19,401 - INFO - > Checking whoami...
2025-09-05 14:02:20,401 - INFO - > Checking who...
2025-09-05 14:02:20,878 - INFO - > Checking uname -a...
2025-09-05 14:02:21,403 - INFO - > Checking cat /etc/os-release...
2025-09-05 14:02:21,880 - INFO - > Checking lsb_release -a...
2025-09-05 14:02:22,468 - INFO - > Checking systemctl list-units --type=service...
2025-09-05 14:02:22,956 - INFO - > Checking id...
2025-09-05 14:02:23,480 - INFO - > Checking cat /etc/passwd...
2025-09-05 14:02:23,957 - INFO - > Checking cat /etc/group...
2025-09-05 14:02:24,480 - INFO - > Checking env...
2025-09-05 14:02:24,956 - INFO - > Checking sudo -l...
2025-09-05 14:02:25,484 - INFO - > Checking find / -perm -u=s -type f 2>/dev/null...
2025-09-05 14:02:26,791 - INFO - > Checking uptime...
2025-09-05 14:02:27,318 - INFO - > Checking ps aux...
2025-09-05 14:02:27,800 - INFO - > Checking ip a...
2025-09-05 14:02:28,322 - INFO - > Checking lsmod...
2025-09-05 14:02:28,800 - INFO - > Checking arch...
2025-09-05 14:02:29,321 - INFO - > Checking netstat -tulnp...
2025-09-05 14:02:29,797 - INFO - > Checking hostname...
2025-09-05 14:02:30,321 - INFO - > Checking cat /etc/crontab...
2025-09-05 14:02:30,796 - INFO - > Checking find / -writable -type f 2>/dev/null...
2025-09-05 14:02:32,093 - INFO - > Checking find / -writable -type d 2>/dev/null...
2025-09-05 14:02:33,022 - INFO - Output successfully saved in MyRedFoxProject/privesc
2025-09-05 14:02:33,028 - INFO - 🧐 Asking RedFox for guidance...
2025-09-05 14:04:52,760 - INFO - Report successfully saved in MyRedFoxProject/privesc_report
