2025-09-05 14:06:17,051 - INFO - Trying to connect to SSH...
2025-09-05 14:06:17,378 - INFO - Connected (version 2.0, client OpenSSH_8.2p1)
2025-09-05 14:06:18,182 - INFO - Authentication (publickey) failed.
2025-09-05 14:06:18,511 - INFO - Authentication (password) successful!
2025-09-05 14:06:18,512 - INFO - Connected via SSH !
2025-09-05 14:06:18,514 - INFO - > Checking Privesc...
2025-09-05 14:06:18,515 - INFO - > Checking whoami...
2025-09-05 14:06:19,393 - INFO - > Checking who...
2025-09-05 14:06:19,872 - INFO - > Checking uname -a...
2025-09-05 14:06:20,395 - INFO - > Checking cat /etc/os-release...
2025-09-05 14:06:20,871 - INFO - > Checking lsb_release -a...
2025-09-05 14:06:21,456 - INFO - > Checking systemctl list-units --type=service...
2025-09-05 14:06:21,941 - INFO - > Checking id...
2025-09-05 14:06:22,462 - INFO - > Checking cat /etc/passwd...
2025-09-05 14:06:22,941 - INFO - > Checking cat /etc/group...
2025-09-05 14:06:23,464 - INFO - > Checking env...
2025-09-05 14:06:23,941 - INFO - > Checking sudo -l...
2025-09-05 14:06:24,469 - INFO - > Checking find / -perm -u=s -type f 2>/dev/null...
2025-09-05 14:06:25,838 - INFO - > Checking uptime...
2025-09-05 14:06:26,369 - INFO - > Checking ps aux...
2025-09-05 14:06:26,845 - INFO - > Checking ip a...
2025-09-05 14:06:27,369 - INFO - > Checking lsmod...
2025-09-05 14:06:27,849 - INFO - > Checking arch...
2025-09-05 14:06:28,372 - INFO - > Checking netstat -tulnp...
2025-09-05 14:06:28,851 - INFO - > Checking hostname...
2025-09-05 14:06:29,374 - INFO - > Checking cat /etc/crontab...
2025-09-05 14:06:29,850 - INFO - > Checking find / -writable -type f 2>/dev/null...
2025-09-05 14:06:31,150 - INFO - > Checking find / -writable -type d 2>/dev/null...
2025-09-05 14:06:32,221 - INFO - Output successfully saved in MyRedFoxProject/privesc
2025-09-05 14:06:32,222 - INFO - 🧐 Asking RedFox for guidance...
2025-09-05 14:08:11,874 - INFO - Report successfully saved in MyRedFoxProject/privesc_report
