2025-09-07 11:42:46,290 - INFO - Trying to connect via ssh (attempt 1)...
2025-09-07 11:42:46,613 - INFO - Connected (version 2.0, client OpenSSH_8.2p1)
2025-09-07 11:42:47,569 - INFO - Authentication (publickey) failed.
2025-09-07 11:42:48,201 - INFO - Authentication (password) successful!
2025-09-07 11:42:48,203 - INFO - 🔌 Connected via ssh!
2025-09-07 11:42:48,204 - INFO - > Checking Privesc...
2025-09-07 11:42:48,204 - INFO - > Checking whoami...
2025-09-07 11:42:49,094 - INFO - > Checking who...
2025-09-07 11:42:49,555 - INFO - > Checking uname -a...
2025-09-07 11:42:50,058 - INFO - > Checking cat /etc/os-release...
2025-09-07 11:42:50,509 - INFO - > Checking lsb_release -a...
2025-09-07 11:42:51,071 - INFO - > Checking systemctl list-units --type=service...
2025-09-07 11:42:51,540 - INFO - > Checking id...
2025-09-07 11:42:52,048 - INFO - > Checking cat /etc/passwd...
2025-09-07 11:42:52,554 - INFO - > Checking cat /etc/group...
2025-09-07 11:42:53,010 - INFO - > Checking env...
2025-09-07 11:42:53,515 - INFO - > Checking sudo -l...
2025-09-07 11:42:53,982 - INFO - > Checking find / -perm -u=s -type f 2>/dev/null...
2025-09-07 11:42:55,427 - INFO - > Checking uptime...
2025-09-07 11:42:55,882 - INFO - > Checking ps aux...
2025-09-07 11:42:56,392 - INFO - > Checking ip a...
2025-09-07 11:42:56,851 - INFO - > Checking lsmod...
2025-09-07 11:42:57,358 - INFO - > Checking arch...
2025-09-07 11:42:57,817 - INFO - > Checking netstat -tulnp...
2025-09-07 11:42:58,323 - INFO - > Checking hostname...
2025-09-07 11:42:58,783 - INFO - > Checking cat /etc/crontab...
2025-09-07 11:42:59,287 - INFO - > Checking find / -writable -type f 2>/dev/null...
2025-09-07 11:43:00,655 - INFO - > Checking find / -writable -type d 2>/dev/null...
2025-09-07 11:42:58,703 - INFO - Output successfully saved in MyRedFoxProject/privesc
2025-09-07 11:42:58,732 - INFO - Report successfully saved in MyRedFoxProject/privesc_report
