2025-09-05 14:22:57,448 - INFO - Trying to connect to SSH...
2025-09-05 14:22:57,780 - INFO - Connected (version 2.0, client OpenSSH_8.2p1)
2025-09-05 14:22:58,595 - INFO - Authentication (publickey) failed.
2025-09-05 14:22:58,931 - INFO - Authentication (password) successful!
2025-09-05 14:22:58,933 - INFO - Connected via SSH !
2025-09-05 14:22:58,934 - INFO - > Checking Privesc...
2025-09-05 14:22:58,935 - INFO - > Checking whoami...
2025-09-05 14:22:59,785 - INFO - > Checking who...
2025-09-05 14:23:00,268 - INFO - > Checking uname -a...
2025-09-05 14:23:00,802 - INFO - > Checking cat /etc/os-release...
2025-09-05 14:23:01,287 - INFO - > Checking lsb_release -a...
2025-09-05 14:23:01,864 - INFO - > Checking systemctl list-units --type=service...
2025-09-05 14:23:02,360 - INFO - > Checking id...
2025-09-05 14:23:02,892 - INFO - > Checking cat /etc/passwd...
2025-09-05 14:23:03,379 - INFO - > Checking cat /etc/group...
2025-09-05 14:23:03,913 - INFO - > Checking env...
2025-09-05 14:23:04,401 - INFO - > Checking sudo -l...
2025-09-05 14:23:04,939 - INFO - > Checking find / -perm -u=s -type f 2>/dev/null...
2025-09-05 14:23:06,274 - INFO - > Checking uptime...
2025-09-05 14:23:06,809 - INFO - > Checking ps aux...
2025-09-05 14:23:07,298 - INFO - > Checking ip a...
2025-09-05 14:23:07,827 - INFO - > Checking lsmod...
2025-09-05 14:23:08,319 - INFO - > Checking arch...
2025-09-05 14:23:08,849 - INFO - > Checking netstat -tulnp...
2025-09-05 14:23:09,337 - INFO - > Checking hostname...
2025-09-05 14:23:09,870 - INFO - > Checking cat /etc/crontab...
2025-09-05 14:23:10,354 - INFO - > Checking find / -writable -type f 2>/dev/null...
2025-09-05 14:23:11,720 - INFO - > Checking find / -writable -type d 2>/dev/null...
2025-09-05 14:23:12,636 - INFO - Output successfully saved in MyRedFoxProject/privesc
2025-09-05 14:23:12,637 - INFO - 🧐 Asking RedFox for guidance...
2025-09-05 14:25:42,672 - INFO - Report successfully saved in MyRedFoxProject/privesc_report
