2025-09-07 12:07:15,716 - INFO - Trying to connect via ssh (attempt 1)...
2025-09-07 12:07:16,043 - INFO - Connected (version 2.0, client OpenSSH_8.2p1)
2025-09-07 12:07:16,842 - INFO - Authentication (publickey) failed.
2025-09-07 12:07:17,171 - INFO - Authentication (password) successful!
2025-09-07 12:07:17,173 - INFO - 🔌 Connected via ssh!
2025-09-07 12:07:17,175 - INFO - > Checking Privesc...
2025-09-07 12:07:17,176 - INFO - > Checking whoami...
2025-09-07 12:07:18,038 - INFO - > Checking who...
2025-09-07 12:07:18,515 - INFO - > Checking uname -a...
2025-09-07 12:07:19,038 - INFO - > Checking cat /etc/os-release...
2025-09-07 12:07:19,516 - INFO - > Checking lsb_release -a...
2025-09-07 12:07:20,098 - INFO - > Checking systemctl list-units --type=service...
2025-09-07 12:07:20,585 - INFO - > Checking id...
2025-09-07 12:07:21,111 - INFO - > Checking cat /etc/passwd...
2025-09-07 12:07:21,593 - INFO - > Checking cat /etc/group...
2025-09-07 12:07:22,111 - INFO - > Checking env...
2025-09-07 12:07:22,587 - INFO - > Checking sudo -l...
2025-09-07 12:07:23,115 - INFO - > Checking find / -perm -u=s -type f 2>/dev/null...
2025-09-07 12:07:24,468 - INFO - > Checking uptime...
2025-09-07 12:07:24,996 - INFO - > Checking ps aux...
2025-09-07 12:07:25,474 - INFO - > Checking ip a...
2025-09-07 12:07:26,003 - INFO - > Checking lsmod...
2025-09-07 12:07:26,481 - INFO - > Checking arch...
2025-09-07 12:07:27,000 - INFO - > Checking netstat -tulnp...
2025-09-07 12:07:24,546 - INFO - > Checking hostname...
2025-09-07 12:07:25,068 - INFO - > Checking cat /etc/crontab...
2025-09-07 12:07:25,545 - INFO - > Checking find / -writable -type f 2>/dev/null...
2025-09-07 12:07:26,928 - INFO - > Checking find / -writable -type d 2>/dev/null...
2025-09-07 12:07:27,883 - INFO - Output successfully saved in MyRedFoxProject/privesc
2025-09-07 12:07:27,884 - INFO - 
------------
🧐 Asking RedFox for guidance...

2025-09-07 12:09:51,352 - INFO - Report successfully saved in MyRedFoxProject/privesc_report
