2025-09-05 13:17:57,747 - INFO - Trying to connect to SSH...
2025-09-05 13:18:05,273 - INFO - Connected (version 2.0, client OpenSSH_8.2p1)
2025-09-05 13:18:06,062 - INFO - Authentication (publickey) failed.
2025-09-05 13:18:06,376 - INFO - Authentication (password) successful!
2025-09-05 13:18:06,378 - INFO - Connected via SSH !
2025-09-05 13:18:06,380 - INFO - > Checking Privesc...
2025-09-05 13:18:06,381 - INFO - > Checking whoami...
2025-09-05 13:18:08,822 - INFO - > Checking who...
2025-09-05 13:18:09,280 - INFO - > Checking uname -a...
2025-09-05 13:18:06,859 - INFO - > Checking cat /etc/os-release...
2025-09-05 13:18:07,321 - INFO - > Checking lsb_release -a...
2025-09-05 13:18:07,911 - INFO - > Checking systemctl list-units --type=service...
2025-09-05 13:18:08,382 - INFO - > Checking id...
2025-09-05 13:18:08,885 - INFO - > Checking cat /etc/passwd...
2025-09-05 13:18:09,346 - INFO - > Checking cat /etc/group...
2025-09-05 13:18:09,847 - INFO - > Checking env...
2025-09-05 13:18:10,317 - INFO - > Checking sudo -l...
2025-09-05 13:18:10,856 - INFO - > Checking find / -perm -u=s -type f 2>/dev/null...
2025-09-05 13:18:35,492 - INFO - > Checking uptime...
2025-09-05 13:18:36,005 - INFO - > Checking ps aux...
2025-09-05 13:18:36,466 - INFO - > Checking ip a...
2025-09-05 13:18:36,977 - INFO - > Checking lsmod...
2025-09-05 13:18:37,443 - INFO - > Checking arch...
2025-09-05 13:18:37,905 - INFO - > Checking netstat -tulnp...
2025-09-05 13:18:38,414 - INFO - > Checking hostname...
2025-09-05 13:18:36,504 - INFO - > Checking cat /etc/crontab...
2025-09-05 13:18:36,946 - INFO - > Checking find / -writable -type f 2>/dev/null...
2025-09-05 13:18:38,238 - INFO - > Checking find / -writable -type d 2>/dev/null...
2025-09-05 13:18:39,479 - INFO - Output successfully saved in MyRedFoxProject/privesc
2025-09-05 13:18:39,480 - INFO - 🧐 Asking RedFox for guidance...
2025-09-05 13:18:44,676 - INFO - Report successfully saved in MyRedFoxProject/privesc_report
