2025-09-07 11:43:29,439 - INFO - Trying to connect via ssh (attempt 1)...
2025-09-07 11:43:29,753 - INFO - Connected (version 2.0, client OpenSSH_8.2p1)
2025-09-07 11:43:30,527 - INFO - Authentication (publickey) failed.
2025-09-07 11:43:27,914 - INFO - Authentication (password) successful!
2025-09-07 11:43:27,916 - INFO - 🔌 Connected via ssh!
2025-09-07 11:43:27,917 - INFO - > Checking Privesc...
2025-09-07 11:43:27,919 - INFO - > Checking whoami...
2025-09-07 11:43:28,751 - INFO - > Checking who...
2025-09-07 11:43:29,207 - INFO - > Checking uname -a...
2025-09-07 11:43:29,708 - INFO - > Checking cat /etc/os-release...
2025-09-07 11:43:30,166 - INFO - > Checking lsb_release -a...
2025-09-07 11:43:30,736 - INFO - > Checking systemctl list-units --type=service...
2025-09-07 11:43:31,203 - INFO - > Checking id...
2025-09-07 11:43:31,709 - INFO - > Checking cat /etc/passwd...
2025-09-07 11:43:32,172 - INFO - > Checking cat /etc/group...
2025-09-07 11:43:32,676 - INFO - > Checking env...
2025-09-07 11:43:33,133 - INFO - > Checking sudo -l...
2025-09-07 11:43:33,638 - INFO - > Checking find / -perm -u=s -type f 2>/dev/null...
2025-09-07 11:43:34,887 - INFO - > Checking uptime...
2025-09-07 11:43:35,389 - INFO - > Checking ps aux...
2025-09-07 11:43:35,847 - INFO - > Checking ip a...
2025-09-07 11:43:36,347 - INFO - > Checking lsmod...
2025-09-07 11:43:36,804 - INFO - > Checking arch...
2025-09-07 11:43:37,310 - INFO - > Checking netstat -tulnp...
2025-09-07 11:43:37,766 - INFO - > Checking hostname...
2025-09-07 11:43:38,265 - INFO - > Checking cat /etc/crontab...
2025-09-07 11:43:38,720 - INFO - > Checking find / -writable -type f 2>/dev/null...
2025-09-07 11:43:40,216 - INFO - > Checking find / -writable -type d 2>/dev/null...
2025-09-07 11:43:41,149 - INFO - Output successfully saved in MyRedFoxProject/privesc
2025-09-07 11:43:41,164 - INFO - Report successfully saved in MyRedFoxProject/privesc_report
