2025-09-05 13:46:47,590 - INFO - Trying to connect to SSH...
2025-09-05 13:46:47,909 - INFO - Connected (version 2.0, client OpenSSH_8.2p1)
2025-09-05 13:46:48,681 - INFO - Authentication (publickey) failed.
2025-09-05 13:46:48,996 - INFO - Authentication (password) successful!
2025-09-05 13:46:48,998 - INFO - Connected via SSH !
2025-09-05 13:46:48,999 - INFO - > Checking Privesc...
2025-09-05 13:46:49,001 - INFO - > Checking whoami...
2025-09-05 13:46:50,002 - INFO - > Checking who...
2025-09-05 13:46:50,461 - INFO - > Checking uname -a...
2025-09-05 13:46:50,968 - INFO - > Checking cat /etc/os-release...
2025-09-05 13:46:51,429 - INFO - > Checking lsb_release -a...
2025-09-05 13:46:51,995 - INFO - > Checking systemctl list-units --type=service...
2025-09-05 13:46:52,462 - INFO - > Checking id...
2025-09-05 13:46:52,976 - INFO - > Checking cat /etc/passwd...
2025-09-05 13:46:53,440 - INFO - > Checking cat /etc/group...
2025-09-05 13:46:53,951 - INFO - > Checking env...
2025-09-05 13:46:54,413 - INFO - > Checking sudo -l...
2025-09-05 13:46:54,921 - INFO - > Checking find / -perm -u=s -type f 2>/dev/null...
2025-09-05 13:46:56,259 - INFO - > Checking uptime...
2025-09-05 13:46:56,766 - INFO - > Checking ps aux...
2025-09-05 13:46:57,227 - INFO - > Checking ip a...
2025-09-05 13:46:57,732 - INFO - > Checking lsmod...
2025-09-05 13:46:58,193 - INFO - > Checking arch...
2025-09-05 13:46:58,699 - INFO - > Checking netstat -tulnp...
2025-09-05 13:46:59,161 - INFO - > Checking hostname...
2025-09-05 13:46:59,669 - INFO - > Checking cat /etc/crontab...
2025-09-05 13:47:00,130 - INFO - > Checking find / -writable -type f 2>/dev/null...
2025-09-05 13:47:01,420 - INFO - > Checking find / -writable -type d 2>/dev/null...
2025-09-05 13:47:02,409 - INFO - Output successfully saved in MyRedFoxProject/privesc
2025-09-05 13:47:02,411 - INFO - 🧐 Asking RedFox for guidance...
2025-09-05 13:49:00,418 - INFO - Report successfully saved in MyRedFoxProject/privesc_report
