2025-09-05 13:55:01,022 - INFO - Trying to connect to SSH...
2025-09-05 13:55:01,359 - INFO - Connected (version 2.0, client OpenSSH_8.2p1)
2025-09-05 13:55:02,657 - INFO - Authentication (publickey) failed.
2025-09-05 13:55:02,994 - INFO - Authentication (password) successful!
2025-09-05 13:55:02,996 - INFO - Connected via SSH !
2025-09-05 13:55:02,998 - INFO - > Checking Privesc...
2025-09-05 13:55:03,000 - INFO - > Checking whoami...
2025-09-05 13:55:04,007 - INFO - > Checking who...
2025-09-05 13:55:04,495 - INFO - > Checking uname -a...
2025-09-05 13:55:05,426 - INFO - > Checking cat /etc/os-release...
2025-09-05 13:55:05,914 - INFO - > Checking lsb_release -a...
2025-09-05 13:55:06,505 - INFO - > Checking systemctl list-units --type=service...
2025-09-05 13:55:07,000 - INFO - > Checking id...
2025-09-05 13:55:07,933 - INFO - > Checking cat /etc/passwd...
2025-09-05 13:55:08,423 - INFO - > Checking cat /etc/group...
2025-09-05 13:55:08,961 - INFO - > Checking env...
2025-09-05 13:55:09,450 - INFO - > Checking sudo -l...
2025-09-05 13:55:09,992 - INFO - > Checking find / -perm -u=s -type f 2>/dev/null...
2025-09-05 13:55:11,383 - INFO - > Checking uptime...
2025-09-05 13:55:11,915 - INFO - > Checking ps aux...
2025-09-05 13:55:12,786 - INFO - > Checking ip a...
2025-09-05 13:55:10,386 - INFO - > Checking lsmod...
2025-09-05 13:55:10,811 - INFO - > Checking arch...
2025-09-05 13:55:11,353 - INFO - > Checking netstat -tulnp...
2025-09-05 13:55:11,841 - INFO - > Checking hostname...
2025-09-05 13:55:12,378 - INFO - > Checking cat /etc/crontab...
2025-09-05 13:55:12,870 - INFO - > Checking find / -writable -type f 2>/dev/null...
2025-09-05 13:55:14,160 - INFO - > Checking find / -writable -type d 2>/dev/null...
2025-09-05 13:55:15,498 - INFO - Output successfully saved in MyRedFoxProject/privesc
2025-09-05 13:55:15,501 - INFO - 🧐 Asking RedFox for guidance...
2025-09-05 13:57:12,575 - INFO - Report successfully saved in MyRedFoxProject/privesc_report
