2025-09-07 10:55:40,900 - INFO - Trying to connect via ssh (attempt 1)...
2025-09-07 10:55:41,222 - INFO - Connected (version 2.0, client OpenSSH_8.2p1)
2025-09-07 10:55:42,008 - INFO - Authentication (publickey) failed.
2025-09-07 10:55:42,328 - INFO - Authentication (password) successful!
2025-09-07 10:55:42,331 - INFO - Connected via ssh!
2025-09-07 10:55:42,332 - INFO - > Checking Privesc...
2025-09-07 10:55:42,333 - INFO - > Checking whoami...
2025-09-07 10:55:43,185 - INFO - > Checking who...
2025-09-07 10:55:43,654 - INFO - > Checking uname -a...
2025-09-07 10:55:44,168 - INFO - > Checking cat /etc/os-release...
2025-09-07 10:55:44,639 - INFO - > Checking lsb_release -a...
2025-09-07 10:55:45,223 - INFO - > Checking systemctl list-units --type=service...
2025-09-07 10:55:45,701 - INFO - > Checking id...
2025-09-07 10:55:46,215 - INFO - > Checking cat /etc/passwd...
2025-09-07 10:55:47,197 - INFO - > Checking cat /etc/group...
2025-09-07 10:55:47,723 - INFO - > Checking env...
2025-09-07 10:55:48,192 - INFO - > Checking sudo -l...
2025-09-07 10:55:48,715 - INFO - > Checking find / -perm -u=s -type f 2>/dev/null...
2025-09-07 10:55:50,056 - INFO - > Checking uptime...
2025-09-07 10:55:50,582 - INFO - > Checking ps aux...
2025-09-07 10:55:51,053 - INFO - > Checking ip a...
2025-09-07 10:55:51,574 - INFO - > Checking lsmod...
2025-09-07 10:55:52,046 - INFO - > Checking arch...
2025-09-07 10:55:52,561 - INFO - > Checking netstat -tulnp...
2025-09-07 10:55:53,033 - INFO - > Checking hostname...
2025-09-07 10:55:53,555 - INFO - > Checking cat /etc/crontab...
2025-09-07 10:55:54,020 - INFO - > Checking find / -writable -type f 2>/dev/null...
2025-09-07 10:55:55,369 - INFO - > Checking find / -writable -type d 2>/dev/null...
2025-09-07 10:55:56,284 - INFO - Output successfully saved in MyRedFoxProject/privesc
2025-09-07 10:55:56,285 - INFO - 🧐 Asking RedFox for guidance...
2025-09-07 10:58:46,925 - INFO - Report successfully saved in MyRedFoxProject/privesc_report
