2025-09-07 11:58:39,871 - INFO - Trying to connect via ssh (attempt 1)...
2025-09-07 11:58:40,198 - INFO - Connected (version 2.0, client OpenSSH_8.2p1)
2025-09-07 11:58:40,990 - INFO - Authentication (publickey) failed.
2025-09-07 11:58:41,314 - INFO - Authentication (password) successful!
2025-09-07 11:58:41,315 - INFO - 🔌 Connected via ssh!
2025-09-07 11:58:41,315 - INFO - > Checking Privesc...
2025-09-07 11:58:41,317 - INFO - > Checking whoami...
2025-09-07 11:58:42,201 - INFO - > Checking who...
2025-09-07 11:58:42,674 - INFO - > Checking uname -a...
2025-09-07 11:58:43,189 - INFO - > Checking cat /etc/os-release...
2025-09-07 11:58:43,663 - INFO - > Checking lsb_release -a...
2025-09-07 11:58:44,242 - INFO - > Checking systemctl list-units --type=service...
2025-09-07 11:58:44,818 - INFO - > Checking id...
2025-09-07 11:58:45,524 - INFO - > Checking cat /etc/passwd...
2025-09-07 11:58:45,998 - INFO - > Checking cat /etc/group...
2025-09-07 11:58:46,512 - INFO - > Checking env...
2025-09-07 11:58:46,984 - INFO - > Checking sudo -l...
2025-09-07 11:58:47,510 - INFO - > Checking find / -perm -u=s -type f 2>/dev/null...
2025-09-07 11:58:48,939 - INFO - > Checking uptime...
2025-09-07 11:58:49,457 - INFO - > Checking ps aux...
2025-09-07 11:58:49,935 - INFO - > Checking ip a...
2025-09-07 11:58:50,453 - INFO - > Checking lsmod...
2025-09-07 11:58:50,928 - INFO - > Checking arch...
2025-09-07 11:58:51,449 - INFO - > Checking netstat -tulnp...
2025-09-07 11:58:51,921 - INFO - > Checking hostname...
2025-09-07 11:58:52,440 - INFO - > Checking cat /etc/crontab...
2025-09-07 11:58:52,914 - INFO - > Checking find / -writable -type f 2>/dev/null...
2025-09-07 11:58:54,278 - INFO - > Checking find / -writable -type d 2>/dev/null...
2025-09-07 11:58:55,182 - INFO - Output successfully saved in MyRedFoxProject/privesc
2025-09-07 11:58:55,182 - INFO - 
------------
🧐 Asking RedFox for guidance...

2025-09-07 12:00:22,152 - INFO - Report successfully saved in MyRedFoxProject/privesc_report
