2025-09-07 10:33:48,203 - INFO - Trying to connect via ssh (attempt 1)...
2025-09-07 10:33:58,231 - INFO - Trying to connect via ssh (attempt 2)...
2025-09-07 10:34:05,408 - INFO - Trying to connect via ssh (attempt 3)...
2025-09-07 10:34:17,453 - INFO - > Checking Privesc...
2025-09-07 10:34:17,455 - INFO - > Checking whoami...
2025-09-07 10:34:17,457 - INFO - > Checking who...
2025-09-07 10:34:17,458 - INFO - > Checking uname -a...
2025-09-07 10:34:17,459 - INFO - > Checking cat /etc/os-release...
2025-09-07 10:34:17,460 - INFO - > Checking lsb_release -a...
2025-09-07 10:34:17,461 - INFO - > Checking systemctl list-units --type=service...
2025-09-07 10:34:17,473 - INFO - > Checking id...
2025-09-07 10:34:17,473 - INFO - > Checking cat /etc/passwd...
2025-09-07 10:34:17,474 - INFO - > Checking cat /etc/group...
2025-09-07 10:34:17,474 - INFO - > Checking env...
2025-09-07 10:34:17,475 - INFO - > Checking sudo -l...
2025-09-07 10:34:17,476 - INFO - > Checking find / -perm -u=s -type f 2>/dev/null...
2025-09-07 10:34:17,477 - INFO - > Checking uptime...
2025-09-07 10:34:17,477 - INFO - > Checking ps aux...
2025-09-07 10:34:17,478 - INFO - > Checking ip a...
2025-09-07 10:34:17,478 - INFO - > Checking lsmod...
2025-09-07 10:34:17,478 - INFO - > Checking arch...
2025-09-07 10:34:17,478 - INFO - > Checking netstat -tulnp...
2025-09-07 10:34:17,479 - INFO - > Checking hostname...
2025-09-07 10:34:17,479 - INFO - > Checking cat /etc/crontab...
2025-09-07 10:34:17,479 - INFO - > Checking find / -writable -type f 2>/dev/null...
2025-09-07 10:34:17,479 - INFO - > Checking find / -writable -type d 2>/dev/null...
2025-09-07 10:34:17,482 - INFO - Output successfully saved in MyRedFoxProject/privesc
2025-09-07 10:34:17,483 - INFO - 🧐 Asking RedFox for guidance...
