2025-09-07 11:11:42,437 - INFO - Trying to connect via ssh (attempt 1)...
2025-09-07 11:11:42,765 - INFO - Connected (version 2.0, client OpenSSH_8.2p1)
2025-09-07 11:11:43,561 - INFO - Authentication (publickey) failed.
2025-09-07 11:11:43,886 - INFO - Authentication (password) successful!
2025-09-07 11:11:43,887 - INFO - Connected via ssh!
2025-09-07 11:11:43,888 - INFO - > Checking Privesc...
2025-09-07 11:11:43,889 - INFO - > Checking whoami...
2025-09-07 11:11:44,799 - INFO - > Checking who...
2025-09-07 11:11:45,272 - INFO - > Checking uname -a...
2025-09-07 11:11:45,797 - INFO - > Checking cat /etc/os-release...
2025-09-07 11:11:46,269 - INFO - > Checking lsb_release -a...
2025-09-07 11:11:46,853 - INFO - > Checking systemctl list-units --type=service...
2025-09-07 11:11:47,332 - INFO - > Checking id...
2025-09-07 11:11:47,853 - INFO - > Checking cat /etc/passwd...
2025-09-07 11:11:48,331 - INFO - > Checking cat /etc/group...
2025-09-07 11:11:48,850 - INFO - > Checking env...
2025-09-07 11:11:49,324 - INFO - > Checking sudo -l...
2025-09-07 11:11:49,848 - INFO - > Checking find / -perm -u=s -type f 2>/dev/null...
2025-09-07 11:11:51,196 - INFO - > Checking uptime...
2025-09-07 11:11:51,716 - INFO - > Checking ps aux...
2025-09-07 11:11:52,198 - INFO - > Checking ip a...
2025-09-07 11:11:52,720 - INFO - > Checking lsmod...
2025-09-07 11:11:53,198 - INFO - > Checking arch...
2025-09-07 11:11:53,717 - INFO - > Checking netstat -tulnp...
2025-09-07 11:11:54,192 - INFO - > Checking hostname...
2025-09-07 11:11:54,715 - INFO - > Checking cat /etc/crontab...
2025-09-07 11:11:55,185 - INFO - > Checking find / -writable -type f 2>/dev/null...
2025-09-07 11:11:56,524 - INFO - > Checking find / -writable -type d 2>/dev/null...
2025-09-07 11:11:57,458 - INFO - Output successfully saved in MyRedFoxProject/privesc
2025-09-07 11:11:57,458 - INFO - 🧐 Asking RedFox for guidance...
2025-09-07 11:14:33,985 - INFO - Report successfully saved in MyRedFoxProject/privesc_report
