2025-09-07 11:46:52,787 - INFO - Trying to connect via ssh (attempt 1)...
2025-09-07 11:46:53,102 - INFO - Connected (version 2.0, client OpenSSH_8.2p1)
2025-09-07 11:46:53,866 - INFO - Authentication (publickey) failed.
2025-09-07 11:46:54,181 - INFO - Authentication (password) successful!
2025-09-07 11:46:54,183 - INFO - 🔌 Connected via ssh!
2025-09-07 11:46:54,185 - INFO - > Checking Privesc...
2025-09-07 11:46:54,186 - INFO - > Checking whoami...
2025-09-07 11:46:55,061 - INFO - > Checking who...
2025-09-07 11:46:55,520 - INFO - > Checking uname -a...
2025-09-07 11:46:53,088 - INFO - > Checking cat /etc/os-release...
2025-09-07 11:46:53,544 - INFO - > Checking lsb_release -a...
2025-09-07 11:46:54,099 - INFO - > Checking systemctl list-units --type=service...
2025-09-07 11:46:54,563 - INFO - > Checking id...
2025-09-07 11:46:55,068 - INFO - > Checking cat /etc/passwd...
2025-09-07 11:46:55,526 - INFO - > Checking cat /etc/group...
2025-09-07 11:46:56,027 - INFO - > Checking env...
2025-09-07 11:46:56,483 - INFO - > Checking sudo -l...
2025-09-07 11:46:57,312 - INFO - > Checking find / -perm -u=s -type f 2>/dev/null...
2025-09-07 11:46:58,610 - INFO - > Checking uptime...
2025-09-07 11:46:59,114 - INFO - > Checking ps aux...
2025-09-07 11:46:59,573 - INFO - > Checking ip a...
2025-09-07 11:47:00,079 - INFO - > Checking lsmod...
2025-09-07 11:47:00,539 - INFO - > Checking arch...
2025-09-07 11:47:01,040 - INFO - > Checking netstat -tulnp...
2025-09-07 11:47:01,503 - INFO - > Checking hostname...
2025-09-07 11:47:02,007 - INFO - > Checking cat /etc/crontab...
2025-09-07 11:47:02,467 - INFO - > Checking find / -writable -type f 2>/dev/null...
2025-09-07 11:47:03,932 - INFO - > Checking find / -writable -type d 2>/dev/null...
2025-09-07 11:47:04,875 - INFO - Output successfully saved in MyRedFoxProject/privesc
2025-09-07 11:47:04,876 - INFO - 
------------
🧐 Asking RedFox for guidance...

2025-09-07 11:49:37,045 - INFO - Report successfully saved in MyRedFoxProject/privesc_report
