2025-09-07 11:20:43,967 - INFO - Trying to connect via ssh (attempt 1)...
2025-09-07 11:20:44,280 - INFO - Connected (version 2.0, client OpenSSH_8.2p1)
2025-09-07 11:20:45,049 - INFO - Authentication (publickey) failed.
2025-09-07 11:20:45,362 - INFO - Authentication (password) successful!
2025-09-07 11:20:45,365 - INFO - Connected via ssh!
2025-09-07 11:20:45,366 - INFO - > Checking Privesc...
2025-09-07 11:20:45,368 - INFO - > Checking whoami...
2025-09-07 11:20:46,218 - INFO - > Checking who...
2025-09-07 11:20:46,671 - INFO - > Checking uname -a...
2025-09-07 11:20:47,177 - INFO - > Checking cat /etc/os-release...
2025-09-07 11:20:47,632 - INFO - > Checking lsb_release -a...
2025-09-07 11:20:48,200 - INFO - > Checking systemctl list-units --type=service...
2025-09-07 11:20:48,664 - INFO - > Checking id...
2025-09-07 11:20:49,172 - INFO - > Checking cat /etc/passwd...
2025-09-07 11:20:49,628 - INFO - > Checking cat /etc/group...
2025-09-07 11:20:50,134 - INFO - > Checking env...
2025-09-07 11:20:50,592 - INFO - > Checking sudo -l...
2025-09-07 11:20:51,104 - INFO - > Checking find / -perm -u=s -type f 2>/dev/null...
2025-09-07 11:20:52,468 - INFO - > Checking uptime...
2025-09-07 11:20:52,973 - INFO - > Checking ps aux...
2025-09-07 11:20:53,430 - INFO - > Checking ip a...
2025-09-07 11:20:53,934 - INFO - > Checking lsmod...
2025-09-07 11:20:54,396 - INFO - > Checking arch...
2025-09-07 11:20:54,899 - INFO - > Checking netstat -tulnp...
2025-09-07 11:20:55,355 - INFO - > Checking hostname...
2025-09-07 11:20:55,856 - INFO - > Checking cat /etc/crontab...
2025-09-07 11:20:56,310 - INFO - > Checking find / -writable -type f 2>/dev/null...
2025-09-07 11:20:57,743 - INFO - > Checking find / -writable -type d 2>/dev/null...
2025-09-07 11:20:58,659 - INFO - Output successfully saved in MyRedFoxProject/privesc
2025-09-07 11:20:58,660 - INFO - 
------------
🧐 Asking RedFox for guidance...

2025-09-07 11:23:46,501 - INFO - Report successfully saved in MyRedFoxProject/privesc_report
