2025-09-07 11:27:52,245 - INFO - Trying to connect via ssh (attempt 1)...
2025-09-07 11:27:52,585 - INFO - Connected (version 2.0, client OpenSSH_8.2p1)
2025-09-07 11:27:53,408 - INFO - Authentication (publickey) failed.
2025-09-07 11:27:53,744 - INFO - Authentication (password) successful!
2025-09-07 11:27:53,746 - INFO - Connected via ssh!
2025-09-07 11:27:53,747 - INFO - > Checking Privesc...
2025-09-07 11:27:53,749 - INFO - > Checking whoami...
2025-09-07 11:27:54,615 - INFO - > Checking who...
2025-09-07 11:27:55,103 - INFO - > Checking uname -a...
2025-09-07 11:27:55,631 - INFO - > Checking cat /etc/os-release...
2025-09-07 11:27:56,115 - INFO - > Checking lsb_release -a...
2025-09-07 11:27:56,698 - INFO - > Checking systemctl list-units --type=service...
2025-09-07 11:27:57,190 - INFO - > Checking id...
2025-09-07 11:27:57,717 - INFO - > Checking cat /etc/passwd...
2025-09-07 11:27:58,207 - INFO - > Checking cat /etc/group...
2025-09-07 11:27:58,740 - INFO - > Checking env...
2025-09-07 11:27:59,226 - INFO - > Checking sudo -l...
2025-09-07 11:27:59,763 - INFO - > Checking find / -perm -u=s -type f 2>/dev/null...
2025-09-07 11:28:01,347 - INFO - > Checking uptime...
2025-09-07 11:28:01,884 - INFO - > Checking ps aux...
2025-09-07 11:28:02,420 - INFO - > Checking ip a...
2025-09-07 11:28:02,909 - INFO - > Checking lsmod...
2025-09-07 11:28:03,447 - INFO - > Checking arch...
2025-09-07 11:28:03,935 - INFO - > Checking netstat -tulnp...
2025-09-07 11:28:04,473 - INFO - > Checking hostname...
2025-09-07 11:28:04,959 - INFO - > Checking cat /etc/crontab...
2025-09-07 11:28:05,491 - INFO - > Checking find / -writable -type f 2>/dev/null...
2025-09-07 11:28:06,928 - INFO - > Checking find / -writable -type d 2>/dev/null...
2025-09-07 11:28:07,931 - INFO - Output successfully saved in MyRedFoxProject/privesc
2025-09-07 11:28:07,932 - INFO - 
------------
🧐 Asking RedFox for guidance...

2025-09-07 11:30:22,876 - INFO - Report successfully saved in MyRedFoxProject/privesc_report
